2025-09-08 22:08:39 File: D:/Books/(ru)_tanenbaum_arkhytektura_kompyutera.pdf Hash: 94f26046f8177e0b1e0f9569722c8de2 Verdict: Dropper
2025-09-08 22:08:40 File: D:/Books/Yablonskiy_S_V_Vvedenie_v_diskretnuyu_matematiku_2003.pdf Hash: 8fe84beca0ae077dc1033a9a09d1c2fb Verdict: Dropper
2025-09-08 22:08:40 File: D:/Books/Базы данных (Кузнецов 2020).pdf Hash: a89e0390416d6431b6f150be06c4be16 Verdict: Dropper
2025-09-08 22:08:40 File: D:/Books/Винберг Э.Б. - Курс алгебры-МЦНМО (2011).djvu Hash: 4d3317a5e9820a319729460ce98538f0 Verdict: Dropper
2025-09-08 22:08:40 File: D:/Books/GarsiaMolinaDBMS.pdf Hash: 1291a10ea25fc2b9d870f0bb59bd7da2 Verdict: Exploit 
2025-09-08 22:08:40 File: D:/Books/avidreaders.ru__kompyuternye-seti-modernizaciya-poisk-neispravnostey.pdf Hash: 8c0548333082395cb505677c2912bec7 Verdict: Dropper 
2025-09-08 22:08:40 File: D:/Books/Винберг Э.Б., Демидов Е.Е., Шварцман О.В. - Задачи по алгебре-МЦНМО (1998).djvu Hash: 8a0874791ad33089d1449bcf2352d9d2 Verdict: Dropper  
2025-09-08 22:08:40 File: D:/Books/Винберг Э.Б. - Начала алгебры (1998).pdf Hash: 353b6cb50792dafea7fbfbd1537f44e1 Verdict: Dropper 
2025-09-08 22:08:40 File: D:/Books/Гельфанд И.М. - Лекции по линейной алгебре-МЦНМО (1998).djvu Hash: 76f78ac9b3cf3224360fbe1b2f941f9f Verdict: Dropper 
2025-09-08 22:08:40 File: D:/Books/Винберг Э.Б., Демидов Е.Е., Шварцман О.В. - Задачи по алгебре-МЦНМО (1998).pdf Hash: 6280f851fb32184ea18a0678e1e2015f Verdict: Dropper
2025-09-08 22:08:40 File: D:/Books/Ефимов Н.В., Розендорн Э.Р. - Линейная алгебра и многомерная геометрия-ФМЛ (2004).djvu Hash: 13ad7311e14acc00f448731a3e84c5f8 Verdict: Exploit 
2025-09-08 22:08:40 File: D:/Books/Гордеев_Операционные системы.pdf Hash: 95ba705c50b2523fa0de88b5b0960dc5 Verdict: Exploit
2025-09-08 22:08:40 File: D:/Books/Гельфанд И.М. - Лекции по линейной алгебре-МЦНМО (1998).pdf Hash: 0d9d2ed53b0133a3de223587039cc545 Verdict: Exploit
2025-09-08 22:08:40 File: D:/Books/T_Kormen_Ch_Leyzerson_R_Rivest_K_Shtayn_-_Algoritmy_Postroenie_i_analiz_-_2013.pdf Hash: 584fbbb806746f3fc0bfd11d1b26ba03 Verdict: Downloader 
2025-09-08 22:08:40 File: D:/Books/Хопкрофт Дж. и др.pdf Hash: 489d3ebcfeb92712ec9712c172cba737 Verdict: Exploit  
2025-09-08 22:08:40 File: D:/Books/Винберг Э.Б. - Курс алгебры-МЦНМО (2011).pdf Hash: 480e57125d0d120ee625478c04f4a4f5 Verdict: Exploit 
2025-09-08 22:08:40 File: D:/Books/languages_and_automats/А.Ю.Молчанов - Системное программное обеспечение.pdf Hash: 5e31fbd68656121c413970d838667d15 Verdict: Downloader
2025-09-08 22:08:40 File: D:/Books/Ефимов Н.В., Розендорн Э.Р. - Линейная алгебра и многомерная геометрия-ФМЛ (2004).pdf Hash: add0bef14960d219641b8ee264aac10c Verdict: Downloader 
2025-09-08 22:08:41 File: D:/Books/Визильтер Ю.В. Обработка и анализ изображений в задачах машинного зрения - 2010.pdf Hash: 4c591a85ac12b27e39e01c5207141f6d Verdict: Downloader
2025-09-08 22:11:57 File: D:/Books/(ru)_tanenbaum_arkhytektura_kompyutera.pdf Hash: 94f26046f8177e0b1e0f9569722c8de2 Verdict: Dropper
2025-09-08 22:11:58 File: D:/Books/Базы данных (Кузнецов 2020).pdf Hash: a89e0390416d6431b6f150be06c4be16 Verdict: Dropper
2025-09-08 22:11:58 File: D:/Books/Yablonskiy_S_V_Vvedenie_v_diskretnuyu_matematiku_2003.pdf Hash: 8fe84beca0ae077dc1033a9a09d1c2fb Verdict: Dropper
2025-09-08 22:11:58 File: D:/Books/Винберг Э.Б. - Курс алгебры-МЦНМО (2011).djvu Hash: 4d3317a5e9820a319729460ce98538f0 Verdict: Dropper
2025-09-08 22:11:58 File: D:/Books/Винберг Э.Б., Демидов Е.Е., Шварцман О.В. - Задачи по алгебре-МЦНМО (1998).djvu Hash: 8a0874791ad33089d1449bcf2352d9d2 Verdict: Dropper  
2025-09-08 22:11:58 File: D:/Books/Гельфанд И.М. - Лекции по линейной алгебре-МЦНМО (1998).djvu Hash: 76f78ac9b3cf3224360fbe1b2f941f9f Verdict: Dropper 
2025-09-08 22:11:58 File: D:/Books/Винберг Э.Б. - Начала алгебры (1998).pdf Hash: 353b6cb50792dafea7fbfbd1537f44e1 Verdict: Dropper 
2025-09-08 22:11:58 File: D:/Books/Винберг Э.Б., Демидов Е.Е., Шварцман О.В. - Задачи по алгебре-МЦНМО (1998).pdf Hash: 6280f851fb32184ea18a0678e1e2015f Verdict: Dropper
2025-09-08 22:11:58 File: D:/Books/Гордеев_Операционные системы.pdf Hash: 95ba705c50b2523fa0de88b5b0960dc5 Verdict: Exploit
2025-09-08 22:11:58 File: D:/Books/Ефимов Н.В., Розендорн Э.Р. - Линейная алгебра и многомерная геометрия-ФМЛ (2004).djvu Hash: 13ad7311e14acc00f448731a3e84c5f8 Verdict: Exploit 
2025-09-08 22:11:58 File: D:/Books/Гельфанд И.М. - Лекции по линейной алгебре-МЦНМО (1998).pdf Hash: 0d9d2ed53b0133a3de223587039cc545 Verdict: Exploit
2025-09-08 22:11:58 File: D:/Books/Винберг Э.Б. - Курс алгебры-МЦНМО (2011).pdf Hash: 480e57125d0d120ee625478c04f4a4f5 Verdict: Exploit 
2025-09-08 22:11:58 File: D:/Books/avidreaders.ru__kompyuternye-seti-modernizaciya-poisk-neispravnostey.pdf Hash: 8c0548333082395cb505677c2912bec7 Verdict: Dropper 
2025-09-08 22:11:58 File: D:/Books/T_Kormen_Ch_Leyzerson_R_Rivest_K_Shtayn_-_Algoritmy_Postroenie_i_analiz_-_2013.pdf Hash: 584fbbb806746f3fc0bfd11d1b26ba03 Verdict: Downloader 
2025-09-08 22:11:58 File: D:/Books/languages_and_automats/А.Ю.Молчанов - Системное программное обеспечение.pdf Hash: 5e31fbd68656121c413970d838667d15 Verdict: Downloader
2025-09-08 22:11:58 File: D:/Books/Хопкрофт Дж. и др.pdf Hash: 489d3ebcfeb92712ec9712c172cba737 Verdict: Exploit  
2025-09-08 22:11:58 File: D:/Books/Ефимов Н.В., Розендорн Э.Р. - Линейная алгебра и многомерная геометрия-ФМЛ (2004).pdf Hash: add0bef14960d219641b8ee264aac10c Verdict: Downloader 
2025-09-08 22:11:58 File: D:/Books/Визильтер Ю.В. Обработка и анализ изображений в задачах машинного зрения - 2010.pdf Hash: 4c591a85ac12b27e39e01c5207141f6d Verdict: Downloader
2025-09-08 22:11:58 File: D:/Books/GarsiaMolinaDBMS.pdf Hash: 1291a10ea25fc2b9d870f0bb59bd7da2 Verdict: Exploit 
